2026-04-06T15:00:02.628121042 [anonymous-instance:fc_api:INFO] The request was executed successfully. Status code: 204 No Content.
2026-04-06T15:00:02.628160931 [anonymous-instance:fc_api:DEBUG] Total previous API call duration: 174 us.
2026-04-06T15:00:02.629031958 [anonymous-instance:fc_api:INFO] The API server received a Put request on "/actions" with body "{\"action_type\":\"InstanceStart\"}".
2026-04-06T15:00:02.629075008 [anonymous-instance:main:DEBUG] event_start: build microvm for boot
2026-04-06T15:00:02.691897654 [anonymous-instance:main:DEBUG] Kernel loaded using PVH boot protocol
2026-04-06T15:00:02.692002630 [anonymous-instance:main:DEBUG] acpi: Building AML for VirtIO device _SB_.V000. memory range: 0xc0001000:4096 gsi: 5
2026-04-06T15:00:02.692141625 [anonymous-instance:main:DEBUG] acpi: Building AML for VirtIO device _SB_.V001. memory range: 0xc0002000:4096 gsi: 6
2026-04-06T15:00:02.692253491 [anonymous-instance:main:DEBUG] vmgenid: building VMGenID device. Address: 0x000dfff0. IRQ: 7
2026-04-06T15:00:02.692318372 [anonymous-instance:main:DEBUG] vmgenid: writing new generation ID to guest: 0x16a19376ddbc278daaff7fc4ed1137f0
2026-04-06T15:00:02.692537670 [anonymous-instance:main:DEBUG] mptable: Allocated 304 bytes for MPTable 1 vCPUs at address 0x0009fc00
2026-04-06T15:00:02.692616466 [anonymous-instance:main:DEBUG] acpi: Wrote table (628 bytes) at address: 0x0009fd30
2026-04-06T15:00:02.692632389 [anonymous-instance:main:DEBUG] acpi: Wrote table (276 bytes) at address: 0x0009ffa4
2026-04-06T15:00:02.692643197 [anonymous-instance:main:DEBUG] acpi: Wrote table (64 bytes) at address: 0x000a00b8
2026-04-06T15:00:02.692652195 [anonymous-instance:main:DEBUG] acpi: Wrote table (60 bytes) at address: 0x000a00f8
2026-04-06T15:00:02.692663994 [anonymous-instance:main:DEBUG] acpi: Wrote table (60 bytes) at address: 0x000a0134
2026-04-06T15:00:02.692675743 [anonymous-instance:main:DEBUG] acpi: Wrote RSDP (36 bytes) at address: 0x000e0000
2026-04-06T15:00:02.693044484 [anonymous-instance:main:DEBUG] event_end: build microvm for boot
2026-04-06T15:00:02.693058774 [anonymous-instance:main:DEBUG] event_start: boot microvm
2026-04-06T15:00:02.693067228 [anonymous-instance:main:INFO] Artificially kick devices
2026-04-06T15:00:02.693117569 [anonymous-instance:fc_vcpu 0:WARN] Received a VcpuEvent::Resume message with immediate_exit enabled. immediate_exit was disabled before proceeding
2026-04-06T15:00:02.693153136 [anonymous-instance:main:DEBUG] event_end: boot microvm
2026-04-06T15:00:02.693183056 [anonymous-instance:fc_api:INFO] The request was executed successfully. Status code: 204 No Content.
2026-04-06T15:00:02.693220817 [anonymous-instance:fc_api:DEBUG] Total previous API call duration: 64192 us.
2026-04-06T15:00:02.704981535 [anonymous-instance:fc_vcpu 0:WARN] vcpu: IO write @ 0xcf8:0x4 failed: bus_error: MissingAddressRange
2026-04-06T15:00:02.705067206 [anonymous-instance:fc_vcpu 0:WARN] vcpu: IO read @ 0xcfc:0x2 failed: bus_error: MissingAddressRange
2026-04-06T15:00:02.944477095 [anonymous-instance:fc_vcpu 0:WARN] vcpu: IO read @ 0x87:0x1 failed: bus_error: MissingAddressRange
2026-04-06T15:00:04.006551564 [anonymous-instance:fc_api:INFO] The API server received a Patch request on "/vm" with body "{\"state\":\"Paused\"}".
2026-04-06T15:00:04.006940464 [anonymous-instance:main:INFO] 'pause vm' VMM action took 194 us.
2026-04-06T15:00:04.007058344 [anonymous-instance:fc_api:INFO] The request was executed successfully. Status code: 204 No Content.
2026-04-06T15:00:04.007114794 [anonymous-instance:fc_api:INFO] 'pause vm' API request took 576 us.
2026-04-06T15:00:04.007150409 [anonymous-instance:fc_api:DEBUG] Total previous API call duration: 611 us.
2026-04-06T15:00:04.010184876 [anonymous-instance:fc_api:INFO] The API server received a Put request on "/snapshot/create" with body "{\"snapshot_type\":\"Full\",\"snapshot_path\":\"/home/omnipotent/programming/lambda/lambda/snapshot/snapshot-55fa72acc8efd1bf\",\"mem_file_path\":\"/home/omnipotent/programming/lambda/lambda/mem/mem-55fa72acc8efd1bf\"}".
2026-04-06T15:00:04.195427189 [anonymous-instance:main:INFO] 'create full snapshot' VMM action took 185097 us.
2026-04-06T15:00:04.195501757 [anonymous-instance:fc_api:INFO] The request was executed successfully. Status code: 204 No Content.
2026-04-06T15:00:04.195521781 [anonymous-instance:fc_api:INFO] 'create full snapshot' API request took 185353 us.
2026-04-06T15:00:04.195546995 [anonymous-instance:fc_api:DEBUG] Total previous API call duration: 185378 us.
